Found 130 Key Assets (116 Addressable, 14 as Assets)

Upgrading iddMagnet (MSU.ItemDisplayDictionary)
INFO: Match for IDRS with name idrsNemCommando found. It's an asset within the project, the entry will be added directly to the IDRS.
Finished appending IDD values to idrsNemCommando (RoR2.ItemDisplayRuleSet)
INFO: Match for IDRS with name idrsExecutioner2 found. It's an asset within the project, the entry will be added directly to the IDRS.
Finished appending IDD values to idrsExecutioner2 (RoR2.ItemDisplayRuleSet)
iddMagnet (MSU.ItemDisplayDictionary) Upgraded succesfully.
Destroying iddMagnet (MSU.ItemDisplayDictionary) as it no longer contains any rules.
Created new ItemDisplayAddressedDictionary at Assets/Starstorm2/AssetStorm/Base/Equipments/Magnet/idadMagnet.asset

Upgrading iddWhiteFlag (MSU.ItemDisplayDictionary)
INFO: Match for IDRS with name idrsNemCommando found. It's an asset within the project, the entry will be added directly to the IDRS.
Finished appending IDD values to idrsNemCommando (RoR2.ItemDisplayRuleSet)
INFO: Match for IDRS with name idrsExecutioner2 found. It's an asset within the project, the entry will be added directly to the IDRS.
Finished appending IDD values to idrsExecutioner2 (RoR2.ItemDisplayRuleSet)
iddWhiteFlag (MSU.ItemDisplayDictionary) Upgraded succesfully.
Destroying iddWhiteFlag (MSU.ItemDisplayDictionary) as it no longer contains any rules.
Created new ItemDisplayAddressedDictionary at Assets/Starstorm2/AssetStorm/Base/Equipments/WhiteFlag/idadWhiteFlag.asset

Upgrading iddArmedBackpack (MSU.ItemDisplayDictionary)
INFO: Match for IDRS with name idrsNemCommando found. It's an asset within the project, the entry will be added directly to the IDRS.
Finished appending IDD values to idrsNemCommando (RoR2.ItemDisplayRuleSet)
INFO: Match for IDRS with name idrsExecutioner2 found. It's an asset within the project, the entry will be added directly to the IDRS.
Finished appending IDD values to idrsExecutioner2 (RoR2.ItemDisplayRuleSet)
iddArmedBackpack (MSU.ItemDisplayDictionary) Upgraded succesfully.
Destroying iddArmedBackpack (MSU.ItemDisplayDictionary) as it no longer contains any rules.
Created new ItemDisplayAddressedDictionary at Assets/Starstorm2/AssetStorm/Base/Items/ArmedBackpack/idadArmedBackpack.asset

Upgrading iddBlastKnuckles (MSU.ItemDisplayDictionary)
INFO: Match for IDRS with name idrsNemCommando found. It's an asset within the project, the entry will be added directly to the IDRS.
Finished appending IDD values to idrsNemCommando (RoR2.ItemDisplayRuleSet)
INFO: Match for IDRS with name idrsExecutioner2 found. It's an asset within the project, the entry will be added directly to the IDRS.
Finished appending IDD values to idrsExecutioner2 (RoR2.ItemDisplayRuleSet)
iddBlastKnuckles (MSU.ItemDisplayDictionary) Upgraded succesfully.
Destroying iddBlastKnuckles (MSU.ItemDisplayDictionary) as it no longer contains any rules.
Created new ItemDisplayAddressedDictionary at Assets/Starstorm2/AssetStorm/Base/Items/BlastKnuckles/idadBlastKnuckles.asset

Upgrading iddBloodTester (MSU.ItemDisplayDictionary)
INFO: Match for IDRS with name idrsNemCommando found. It's an asset within the project, the entry will be added directly to the IDRS.
Finished appending IDD values to idrsNemCommando (RoR2.ItemDisplayRuleSet)
INFO: Match for IDRS with name idrsExecutioner2 found. It's an asset within the project, the entry will be added directly to the IDRS.
Finished appending IDD values to idrsExecutioner2 (RoR2.ItemDisplayRuleSet)
iddBloodTester (MSU.ItemDisplayDictionary) Upgraded succesfully.
Destroying iddBloodTester (MSU.ItemDisplayDictionary) as it no longer contains any rules.
Created new ItemDisplayAddressedDictionary at Assets/Starstorm2/AssetStorm/Base/Items/BloodTester/idadBloodTester.asset

Upgrading iddCoffeeBag (MSU.ItemDisplayDictionary)
INFO: Match for IDRS with name idrsExecutioner2 found. It's an asset within the project, the entry will be added directly to the IDRS.
Finished appending IDD values to idrsExecutioner2 (RoR2.ItemDisplayRuleSet)
INFO: Match for IDRS with name idrsNemCommando found. It's an asset within the project, the entry will be added directly to the IDRS.
Finished appending IDD values to idrsNemCommando (RoR2.ItemDisplayRuleSet)
iddCoffeeBag (MSU.ItemDisplayDictionary) Upgraded succesfully.
Destroying iddCoffeeBag (MSU.ItemDisplayDictionary) as it no longer contains any rules.
Created new ItemDisplayAddressedDictionary at Assets/Starstorm2/AssetStorm/Base/Items/CoffeeBag/idadCoffeeBag.asset

Upgrading iddCompositeInjector (MSU.ItemDisplayDictionary)
INFO: Match for IDRS with name idrsNemCommando found. It's an asset within the project, the entry will be added directly to the IDRS.
Finished appending IDD values to idrsNemCommando (RoR2.ItemDisplayRuleSet)
INFO: Match for IDRS with name idrsExecutioner2 found. It's an asset within the project, the entry will be added directly to the IDRS.
Finished appending IDD values to idrsExecutioner2 (RoR2.ItemDisplayRuleSet)
iddCompositeInjector (MSU.ItemDisplayDictionary) Upgraded succesfully.
Destroying iddCompositeInjector (MSU.ItemDisplayDictionary) as it no longer contains any rules.
Created new ItemDisplayAddressedDictionary at Assets/Starstorm2/AssetStorm/Base/Items/CompositeInjector/idadCompositeInjector.asset

Upgrading iddCrypticSource (MSU.ItemDisplayDictionary)
INFO: Match for IDRS with name idrsNemCommando found. It's an asset within the project, the entry will be added directly to the IDRS.
Finished appending IDD values to idrsNemCommando (RoR2.ItemDisplayRuleSet)
INFO: Match for IDRS with name idrsExecutioner2 found. It's an asset within the project, the entry will be added directly to the IDRS.
Finished appending IDD values to idrsExecutioner2 (RoR2.ItemDisplayRuleSet)
iddCrypticSource (MSU.ItemDisplayDictionary) Upgraded succesfully.
Destroying iddCrypticSource (MSU.ItemDisplayDictionary) as it no longer contains any rules.
Created new ItemDisplayAddressedDictionary at Assets/Starstorm2/AssetStorm/Base/Items/CrypticSource/idadCrypticSource.asset

Upgrading iddTrematode (MSU.ItemDisplayDictionary)
INFO: Match for IDRS with name idrsNemCommando found. It's an asset within the project, the entry will be added directly to the IDRS.
Finished appending IDD values to idrsNemCommando (RoR2.ItemDisplayRuleSet)
INFO: Match for IDRS with name idrsExecutioner2 found. It's an asset within the project, the entry will be added directly to the IDRS.
Finished appending IDD values to idrsExecutioner2 (RoR2.ItemDisplayRuleSet)
iddTrematode (MSU.ItemDisplayDictionary) Upgraded succesfully.
Destroying iddTrematode (MSU.ItemDisplayDictionary) as it no longer contains any rules.
Created new ItemDisplayAddressedDictionary at Assets/Starstorm2/AssetStorm/Base/Items/DetritiveTrematode/idadTrematode.asset

Upgrading iddErraticGadget (MSU.ItemDisplayDictionary)
INFO: Match for IDRS with name idrsNemCommando found. It's an asset within the project, the entry will be added directly to the IDRS.
Finished appending IDD values to idrsNemCommando (RoR2.ItemDisplayRuleSet)
INFO: Match for IDRS with name idrsExecutioner2 found. It's an asset within the project, the entry will be added directly to the IDRS.
Finished appending IDD values to idrsExecutioner2 (RoR2.ItemDisplayRuleSet)
iddErraticGadget (MSU.ItemDisplayDictionary) Upgraded succesfully.
Destroying iddErraticGadget (MSU.ItemDisplayDictionary) as it no longer contains any rules.
Created new ItemDisplayAddressedDictionary at Assets/Starstorm2/AssetStorm/Base/Items/ErraticGadget/idadErraticGadget.asset

Upgrading iddFlowerTurret (MSU.ItemDisplayDictionary)
INFO: Match for IDRS with name idrsExecutioner2 found. It's an asset within the project, the entry will be added directly to the IDRS.
Finished appending IDD values to idrsExecutioner2 (RoR2.ItemDisplayRuleSet)
WARN: No match for IDRS with name idrsFusionCellDestructibleBody found. It was probably retireved at runtime from the IDRS catalog. Not adding entry.
WARN: No match for IDRS with name idrsHereticBody found. It was probably retireved at runtime from the IDRS catalog. Not adding entry.
INFO: Match for IDRS with name idrsLamp found. It's an asset within the project, the entry will be added directly to the IDRS.
Finished appending IDD values to idrsLamp (RoR2.ItemDisplayRuleSet)
INFO: Match for IDRS with name idrsLampBoss found. It's an asset within the project, the entry will be added directly to the IDRS.
Finished appending IDD values to idrsLampBoss (RoR2.ItemDisplayRuleSet)
WARN: No match for IDRS with name idrsMegaConstructBody found. It was probably retireved at runtime from the IDRS catalog. Not adding entry.
INFO: Match for IDRS with name idrsNemCommando found. It's an asset within the project, the entry will be added directly to the IDRS.
Finished appending IDD values to idrsNemCommando (RoR2.ItemDisplayRuleSet)
WARN: No match for IDRS with name idrsNemMercCloneBody found. It was probably retireved at runtime from the IDRS catalog. Not adding entry.
INFO: Match for IDRS with name idrsNemMercenary found. It's an asset within the project, the entry will be added directly to the IDRS.
Finished appending IDD values to idrsNemMercenary (RoR2.ItemDisplayRuleSet)
WARN: No match for IDRS with name idrsRobDriverBody found. It was probably retireved at runtime from the IDRS catalog. Not adding entry.
INFO: Match for IDRS with name idrsRunshroom found. It's an asset within the project, the entry will be added directly to the IDRS.
Finished appending IDD values to idrsRunshroom (RoR2.ItemDisplayRuleSet)
INFO: Match for IDRS with name idrsSecurityDrone found. It's an asset within the project, the entry will be added directly to the IDRS.
Finished appending IDD values to idrsSecurityDrone (RoR2.ItemDisplayRuleSet)
WARN: No match for IDRS with name idrsShockDroneBody found. It was probably retireved at runtime from the IDRS catalog. Not adding entry.
WARN: No match for IDRS with name idrsTraderBody found. It was probably retireved at runtime from the IDRS catalog. Not adding entry.
INFO: Match for IDRS with name idrsChirr found. It's an asset within the project, the entry will be added directly to the IDRS.
Finished appending IDD values to idrsChirr (RoR2.ItemDisplayRuleSet)
WARN: No match for IDRS with name idrsMiniVoidRaidCrabBodyPhase3 found. It was probably retireved at runtime from the IDRS catalog. Not adding entry.
WARN: No match for IDRS with name idrsVoidRaidCrabBody found. It was probably retireved at runtime from the IDRS catalog. Not adding entry.
iddFlowerTurret (MSU.ItemDisplayDictionary) Upgraded succesfully.
Created new ItemDisplayAddressedDictionary at Assets/Starstorm2/AssetStorm/Base/Items/FlowerTurret/idadFlowerTurret.asset

Upgrading iddFork (MSU.ItemDisplayDictionary)
INFO: Match for IDRS with name idrsExecutioner2 found. It's an asset within the project, the entry will be added directly to the IDRS.
Finished appending IDD values to idrsExecutioner2 (RoR2.ItemDisplayRuleSet)
INFO: Match for IDRS with name idrsNemCommando found. It's an asset within the project, the entry will be added directly to the IDRS.
Finished appending IDD values to idrsNemCommando (RoR2.ItemDisplayRuleSet)
iddFork (MSU.ItemDisplayDictionary) Upgraded succesfully.
Destroying iddFork (MSU.ItemDisplayDictionary) as it no longer contains any rules.
Created new ItemDisplayAddressedDictionary at Assets/Starstorm2/AssetStorm/Base/Items/Fork/idadFork.asset

Upgrading iddGuardingAmulet (MSU.ItemDisplayDictionary)
INFO: Match for IDRS with name idrsNemCommando found. It's an asset within the project, the entry will be added directly to the IDRS.
Finished appending IDD values to idrsNemCommando (RoR2.ItemDisplayRuleSet)
INFO: Match for IDRS with name idrsExecutioner2 found. It's an asset within the project, the entry will be added directly to the IDRS.
Finished appending IDD values to idrsExecutioner2 (RoR2.ItemDisplayRuleSet)
iddGuardingAmulet (MSU.ItemDisplayDictionary) Upgraded succesfully.
Destroying iddGuardingAmulet (MSU.ItemDisplayDictionary) as it no longer contains any rules.
Created new ItemDisplayAddressedDictionary at Assets/Starstorm2/AssetStorm/Base/Items/GuardingAmulet/idadGuardingAmulet.asset

Upgrading iddLamp (MSU.ItemDisplayDictionary)
INFO: Match for IDRS with name idrsExecutioner2 found. It's an asset within the project, the entry will be added directly to the IDRS.
Finished appending IDD values to idrsExecutioner2 (RoR2.ItemDisplayRuleSet)
INFO: Match for IDRS with name idrsNemCommando found. It's an asset within the project, the entry will be added directly to the IDRS.
Finished appending IDD values to idrsNemCommando (RoR2.ItemDisplayRuleSet)
iddLamp (MSU.ItemDisplayDictionary) Upgraded succesfully.
Destroying iddLamp (MSU.ItemDisplayDictionary) as it no longer contains any rules.
Created new ItemDisplayAddressedDictionary at Assets/Starstorm2/AssetStorm/Base/Items/HauntedLamp/idadLamp.asset

Upgrading iddSigil (MSU.ItemDisplayDictionary)
INFO: Match for IDRS with name idrsNemCommando found. It's an asset within the project, the entry will be added directly to the IDRS.
Finished appending IDD values to idrsNemCommando (RoR2.ItemDisplayRuleSet)
INFO: Match for IDRS with name idrsExecutioner2 found. It's an asset within the project, the entry will be added directly to the IDRS.
Finished appending IDD values to idrsExecutioner2 (RoR2.ItemDisplayRuleSet)
iddSigil (MSU.ItemDisplayDictionary) Upgraded succesfully.
Destroying iddSigil (MSU.ItemDisplayDictionary) as it no longer contains any rules.
Created new ItemDisplayAddressedDictionary at Assets/Starstorm2/AssetStorm/Base/Items/HuntersSigil/idadSigil.asset

Upgrading iddIceTool (MSU.ItemDisplayDictionary)
INFO: Match for IDRS with name idrsChirr found. It's an asset within the project, the entry will be added directly to the IDRS.
Finished appending IDD values to idrsChirr (RoR2.ItemDisplayRuleSet)
INFO: Match for IDRS with name idrsExecutioner2 found. It's an asset within the project, the entry will be added directly to the IDRS.
Finished appending IDD values to idrsExecutioner2 (RoR2.ItemDisplayRuleSet)
WARN: No match for IDRS with name idrsHereticBody found. It was probably retireved at runtime from the IDRS catalog. Not adding entry.
INFO: Match for IDRS with name idrsNemCommando found. It's an asset within the project, the entry will be added directly to the IDRS.
Finished appending IDD values to idrsNemCommando (RoR2.ItemDisplayRuleSet)
INFO: Match for IDRS with name idrsNemMercenary found. It's an asset within the project, the entry will be added directly to the IDRS.
Finished appending IDD values to idrsNemMercenary (RoR2.ItemDisplayRuleSet)
iddIceTool (MSU.ItemDisplayDictionary) Upgraded succesfully.
Created new ItemDisplayAddressedDictionary at Assets/Starstorm2/AssetStorm/Base/Items/IceTool/idadIceTool.asset

Upgrading iddJetBoots (MSU.ItemDisplayDictionary)
INFO: Match for IDRS with name idrsNemCommando found. It's an asset within the project, the entry will be added directly to the IDRS.
Finished appending IDD values to idrsNemCommando (RoR2.ItemDisplayRuleSet)
INFO: Match for IDRS with name idrsExecutioner2 found. It's an asset within the project, the entry will be added directly to the IDRS.
Finished appending IDD values to idrsExecutioner2 (RoR2.ItemDisplayRuleSet)
iddJetBoots (MSU.ItemDisplayDictionary) Upgraded succesfully.
Destroying iddJetBoots (MSU.ItemDisplayDictionary) as it no longer contains any rules.
Created new ItemDisplayAddressedDictionary at Assets/Starstorm2/AssetStorm/Base/Items/JetBoots/idadJetBoots.asset

Upgrading iddLightningOnKill (MSU.ItemDisplayDictionary)
INFO: Match for IDRS with name idrsExecutioner2 found. It's an asset within the project, the entry will be added directly to the IDRS.
Finished appending IDD values to idrsExecutioner2 (RoR2.ItemDisplayRuleSet)
INFO: Match for IDRS with name idrsNemCommando found. It's an asset within the project, the entry will be added directly to the IDRS.
Finished appending IDD values to idrsNemCommando (RoR2.ItemDisplayRuleSet)
iddLightningOnKill (MSU.ItemDisplayDictionary) Upgraded succesfully.
Destroying iddLightningOnKill (MSU.ItemDisplayDictionary) as it no longer contains any rules.
Created new ItemDisplayAddressedDictionary at Assets/Starstorm2/AssetStorm/Base/Items/LightningOnKill/idadLightningOnKill.asset

Upgrading iddSpeakers (MSU.ItemDisplayDictionary)
INFO: Match for IDRS with name idrsNemCommando found. It's an asset within the project, the entry will be added directly to the IDRS.
Finished appending IDD values to idrsNemCommando (RoR2.ItemDisplayRuleSet)
INFO: Match for IDRS with name idrsExecutioner2 found. It's an asset within the project, the entry will be added directly to the IDRS.
Finished appending IDD values to idrsExecutioner2 (RoR2.ItemDisplayRuleSet)
iddSpeakers (MSU.ItemDisplayDictionary) Upgraded succesfully.
Destroying iddSpeakers (MSU.ItemDisplayDictionary) as it no longer contains any rules.
Created new ItemDisplayAddressedDictionary at Assets/Starstorm2/AssetStorm/Base/Items/LowQualitySpeakers/idadSpeakers.asset

Upgrading iddNanobots (MSU.ItemDisplayDictionary)
INFO: Match for IDRS with name idrsNemCommando found. It's an asset within the project, the entry will be added directly to the IDRS.
Finished appending IDD values to idrsNemCommando (RoR2.ItemDisplayRuleSet)
INFO: Match for IDRS with name idrsExecutioner2 found. It's an asset within the project, the entry will be added directly to the IDRS.
Finished appending IDD values to idrsExecutioner2 (RoR2.ItemDisplayRuleSet)
iddNanobots (MSU.ItemDisplayDictionary) Upgraded succesfully.
Destroying iddNanobots (MSU.ItemDisplayDictionary) as it no longer contains any rules.
Created new ItemDisplayAddressedDictionary at Assets/Starstorm2/AssetStorm/Base/Items/Nanobots/idadNanobots.asset

Upgrading iddNeedles (MSU.ItemDisplayDictionary)
INFO: Match for IDRS with name idrsExecutioner2 found. It's an asset within the project, the entry will be added directly to the IDRS.
Finished appending IDD values to idrsExecutioner2 (RoR2.ItemDisplayRuleSet)
INFO: Match for IDRS with name idrsNemCommando found. It's an asset within the project, the entry will be added directly to the IDRS.
Finished appending IDD values to idrsNemCommando (RoR2.ItemDisplayRuleSet)
iddNeedles (MSU.ItemDisplayDictionary) Upgraded succesfully.
Destroying iddNeedles (MSU.ItemDisplayDictionary) as it no longer contains any rules.
Created new ItemDisplayAddressedDictionary at Assets/Starstorm2/AssetStorm/Base/Items/Needles/idadNeedles.asset

Upgrading iddPoisonousGland (MSU.ItemDisplayDictionary)
INFO: Match for IDRS with name idrsNemCommando found. It's an asset within the project, the entry will be added directly to the IDRS.
Finished appending IDD values to idrsNemCommando (RoR2.ItemDisplayRuleSet)
INFO: Match for IDRS with name idrsExecutioner2 found. It's an asset within the project, the entry will be added directly to the IDRS.
Finished appending IDD values to idrsExecutioner2 (RoR2.ItemDisplayRuleSet)
iddPoisonousGland (MSU.ItemDisplayDictionary) Upgraded succesfully.
Destroying iddPoisonousGland (MSU.ItemDisplayDictionary) as it no longer contains any rules.
Created new ItemDisplayAddressedDictionary at Assets/Starstorm2/AssetStorm/Base/Items/PoisonousGland/idadPoisonousGland.asset

Upgrading iddPortableReactor (MSU.ItemDisplayDictionary)
INFO: Match for IDRS with name idrsExecutioner2 found. It's an asset within the project, the entry will be added directly to the IDRS.
Finished appending IDD values to idrsExecutioner2 (RoR2.ItemDisplayRuleSet)
INFO: Match for IDRS with name idrsNemCommando found. It's an asset within the project, the entry will be added directly to the IDRS.
Finished appending IDD values to idrsNemCommando (RoR2.ItemDisplayRuleSet)
INFO: Match for IDRS with name idrsChirr found. It's an asset within the project, the entry will be added directly to the IDRS.
Finished appending IDD values to idrsChirr (RoR2.ItemDisplayRuleSet)
WARN: No match for IDRS with name idrsHereticBody found. It was probably retireved at runtime from the IDRS catalog. Not adding entry.
INFO: Match for IDRS with name idrsNemMercenary found. It's an asset within the project, the entry will be added directly to the IDRS.
Finished appending IDD values to idrsNemMercenary (RoR2.ItemDisplayRuleSet)
WARN: No match for IDRS with name idrsRobDriverBody found. It was probably retireved at runtime from the IDRS catalog. Not adding entry.
iddPortableReactor (MSU.ItemDisplayDictionary) Upgraded succesfully.
Created new ItemDisplayAddressedDictionary at Assets/Starstorm2/AssetStorm/Base/Items/PortableReactor/idadPortableReactor.asset

Upgrading iddSantaHat (MSU.ItemDisplayDictionary)
INFO: Match for IDRS with name idrsExecutioner2 found. It's an asset within the project, the entry will be added directly to the IDRS.
Finished appending IDD values to idrsExecutioner2 (RoR2.ItemDisplayRuleSet)
WARN: No match for IDRS with name idrsFusionCellDestructibleBody found. It was probably retireved at runtime from the IDRS catalog. Not adding entry.
WARN: No match for IDRS with name idrsHereticBody found. It was probably retireved at runtime from the IDRS catalog. Not adding entry.
INFO: Match for IDRS with name idrsLamp found. It's an asset within the project, the entry will be added directly to the IDRS.
Finished appending IDD values to idrsLamp (RoR2.ItemDisplayRuleSet)
INFO: Match for IDRS with name idrsLampBoss found. It's an asset within the project, the entry will be added directly to the IDRS.
Finished appending IDD values to idrsLampBoss (RoR2.ItemDisplayRuleSet)
WARN: No match for IDRS with name idrsMegaConstructBody found. It was probably retireved at runtime from the IDRS catalog. Not adding entry.
INFO: Match for IDRS with name idrsNemCommando found. It's an asset within the project, the entry will be added directly to the IDRS.
Finished appending IDD values to idrsNemCommando (RoR2.ItemDisplayRuleSet)
WARN: No match for IDRS with name idrsNemMercCloneBody found. It was probably retireved at runtime from the IDRS catalog. Not adding entry.
INFO: Match for IDRS with name idrsNemMercenary found. It's an asset within the project, the entry will be added directly to the IDRS.
Finished appending IDD values to idrsNemMercenary (RoR2.ItemDisplayRuleSet)
WARN: No match for IDRS with name idrsRobDriverBody found. It was probably retireved at runtime from the IDRS catalog. Not adding entry.
INFO: Match for IDRS with name idrsRunshroom found. It's an asset within the project, the entry will be added directly to the IDRS.
Finished appending IDD values to idrsRunshroom (RoR2.ItemDisplayRuleSet)
INFO: Match for IDRS with name idrsSecurityDrone found. It's an asset within the project, the entry will be added directly to the IDRS.
Finished appending IDD values to idrsSecurityDrone (RoR2.ItemDisplayRuleSet)
WARN: No match for IDRS with name idrsShockDroneBody found. It was probably retireved at runtime from the IDRS catalog. Not adding entry.
WARN: No match for IDRS with name idrsTraderBody found. It was probably retireved at runtime from the IDRS catalog. Not adding entry.
INFO: Match for IDRS with name idrsChirr found. It's an asset within the project, the entry will be added directly to the IDRS.
Finished appending IDD values to idrsChirr (RoR2.ItemDisplayRuleSet)
WARN: No match for IDRS with name idrsMiniVoidRaidCrabBodyPhase3 found. It was probably retireved at runtime from the IDRS catalog. Not adding entry.
WARN: No match for IDRS with name idrsVoidRaidCrabBody found. It was probably retireved at runtime from the IDRS catalog. Not adding entry.
iddSantaHat (MSU.ItemDisplayDictionary) Upgraded succesfully.
Created new ItemDisplayAddressedDictionary at Assets/Starstorm2/AssetStorm/Base/Items/SantaHat/idadSantaHat.asset

Upgrading iddStickyOverloader (MSU.ItemDisplayDictionary)
INFO: Match for IDRS with name idrsNemCommando found. It's an asset within the project, the entry will be added directly to the IDRS.
Finished appending IDD values to idrsNemCommando (RoR2.ItemDisplayRuleSet)
INFO: Match for IDRS with name idrsExecutioner2 found. It's an asset within the project, the entry will be added directly to the IDRS.
Finished appending IDD values to idrsExecutioner2 (RoR2.ItemDisplayRuleSet)
iddStickyOverloader (MSU.ItemDisplayDictionary) Upgraded succesfully.
Destroying iddStickyOverloader (MSU.ItemDisplayDictionary) as it no longer contains any rules.
Created new ItemDisplayAddressedDictionary at Assets/Starstorm2/AssetStorm/Base/Items/StickyOverloader/idadStickyOverloader.asset

Upgrading iddStrangeCan (MSU.ItemDisplayDictionary)
INFO: Match for IDRS with name idrsNemCommando found. It's an asset within the project, the entry will be added directly to the IDRS.
Finished appending IDD values to idrsNemCommando (RoR2.ItemDisplayRuleSet)
INFO: Match for IDRS with name idrsExecutioner2 found. It's an asset within the project, the entry will be added directly to the IDRS.
Finished appending IDD values to idrsExecutioner2 (RoR2.ItemDisplayRuleSet)
iddStrangeCan (MSU.ItemDisplayDictionary) Upgraded succesfully.
Destroying iddStrangeCan (MSU.ItemDisplayDictionary) as it no longer contains any rules.
Created new ItemDisplayAddressedDictionary at Assets/Starstorm2/AssetStorm/Base/Items/StrangeCan/idadStrangeCan.asset

Upgrading iddSwiftSkateboard (MSU.ItemDisplayDictionary)
INFO: Match for IDRS with name idrsNemCommando found. It's an asset within the project, the entry will be added directly to the IDRS.
Finished appending IDD values to idrsNemCommando (RoR2.ItemDisplayRuleSet)
INFO: Match for IDRS with name idrsExecutioner2 found. It's an asset within the project, the entry will be added directly to the IDRS.
Finished appending IDD values to idrsExecutioner2 (RoR2.ItemDisplayRuleSet)
iddSwiftSkateboard (MSU.ItemDisplayDictionary) Upgraded succesfully.
Destroying iddSwiftSkateboard (MSU.ItemDisplayDictionary) as it no longer contains any rules.
Created new ItemDisplayAddressedDictionary at Assets/Starstorm2/AssetStorm/Base/Items/SwiftSkateboard/idadSwiftSkateboard.asset

Upgrading iddUniversalCharger (MSU.ItemDisplayDictionary)
INFO: Match for IDRS with name idrsNemCommando found. It's an asset within the project, the entry will be added directly to the IDRS.
Finished appending IDD values to idrsNemCommando (RoR2.ItemDisplayRuleSet)
INFO: Match for IDRS with name idrsExecutioner2 found. It's an asset within the project, the entry will be added directly to the IDRS.
Finished appending IDD values to idrsExecutioner2 (RoR2.ItemDisplayRuleSet)
iddUniversalCharger (MSU.ItemDisplayDictionary) Upgraded succesfully.
Destroying iddUniversalCharger (MSU.ItemDisplayDictionary) as it no longer contains any rules.
Created new ItemDisplayAddressedDictionary at Assets/Starstorm2/AssetStorm/Base/Items/UniversalCharger/idadUniversalCharger.asset

Upgrading iddUraniumHorseshoe (MSU.ItemDisplayDictionary)
INFO: Match for IDRS with name idrsNemCommando found. It's an asset within the project, the entry will be added directly to the IDRS.
Finished appending IDD values to idrsNemCommando (RoR2.ItemDisplayRuleSet)
INFO: Match for IDRS with name idrsExecutioner2 found. It's an asset within the project, the entry will be added directly to the IDRS.
Finished appending IDD values to idrsExecutioner2 (RoR2.ItemDisplayRuleSet)
iddUraniumHorseshoe (MSU.ItemDisplayDictionary) Upgraded succesfully.
Destroying iddUraniumHorseshoe (MSU.ItemDisplayDictionary) as it no longer contains any rules.
Created new ItemDisplayAddressedDictionary at Assets/Starstorm2/AssetStorm/Base/Items/UraniumHorseshoe/idadUraniumHorseshoe.asset

Upgrading iddWeatherRadio (MSU.ItemDisplayDictionary)
INFO: Match for IDRS with name idrsNemCommando found. It's an asset within the project, the entry will be added directly to the IDRS.
Finished appending IDD values to idrsNemCommando (RoR2.ItemDisplayRuleSet)
INFO: Match for IDRS with name idrsExecutioner2 found. It's an asset within the project, the entry will be added directly to the IDRS.
Finished appending IDD values to idrsExecutioner2 (RoR2.ItemDisplayRuleSet)
iddWeatherRadio (MSU.ItemDisplayDictionary) Upgraded succesfully.
Destroying iddWeatherRadio (MSU.ItemDisplayDictionary) as it no longer contains any rules.
Created new ItemDisplayAddressedDictionary at Assets/Starstorm2/AssetStorm/Base/Items/WeatherRadio/idadWeatherRadio.asset

Upgrading iddX4 (MSU.ItemDisplayDictionary)
INFO: Match for IDRS with name idrsNemCommando found. It's an asset within the project, the entry will be added directly to the IDRS.
Finished appending IDD values to idrsNemCommando (RoR2.ItemDisplayRuleSet)
INFO: Match for IDRS with name idrsExecutioner2 found. It's an asset within the project, the entry will be added directly to the IDRS.
Finished appending IDD values to idrsExecutioner2 (RoR2.ItemDisplayRuleSet)
iddX4 (MSU.ItemDisplayDictionary) Upgraded succesfully.
Destroying iddX4 (MSU.ItemDisplayDictionary) as it no longer contains any rules.
Created new ItemDisplayAddressedDictionary at Assets/Starstorm2/AssetStorm/Base/Items/X4/idadX4.asset

Upgrading iddDivineRight (MSU.ItemDisplayDictionary)
iddDivineRight (MSU.ItemDisplayDictionary) Upgraded succesfully.
Destroying iddDivineRight (MSU.ItemDisplayDictionary) as it no longer contains any rules.
Created new ItemDisplayAddressedDictionary at Assets/Starstorm2/AssetStorm/InDev/Equipments/DivineRight/idadDivineRight.asset

Upgrading iddLuckyPup (MSU.ItemDisplayDictionary)
iddLuckyPup (MSU.ItemDisplayDictionary) Upgraded succesfully.
Destroying iddLuckyPup (MSU.ItemDisplayDictionary) as it no longer contains any rules.
Created new ItemDisplayAddressedDictionary at Assets/Starstorm2/AssetStorm/InDev/Items/LuckyPup/idadLuckyPup.asset
Found 421 Key Assets (297 Addressable, 124 as Assets)
Found 322 Display Prefabs (284 Addressable, 38 as Assets)

Upgrading nidrsChirr (MSU.NamedItemDisplayRuleSet)
WARN: No match for key asset with name ITEM_ANCIENT_SCEPTER found. It was probably retrieved at runtime from the IDRS catalog. Not adding entry.
nidrsChirr (MSU.NamedItemDisplayRuleSet) Upgraded succesfully.


Upgrading NamedIDRSSCloneDrone (MSU.NamedItemDisplayRuleSet)
NamedIDRSSCloneDrone (MSU.NamedItemDisplayRuleSet) Upgraded succesfully.
Destroying NamedIDRSSCloneDrone (MSU.NamedItemDisplayRuleSet) as it no longer contains any rules.


Upgrading NamedIDRSShockDrone (MSU.NamedItemDisplayRuleSet)
NamedIDRSShockDrone (MSU.NamedItemDisplayRuleSet) Upgraded succesfully.
Destroying NamedIDRSShockDrone (MSU.NamedItemDisplayRuleSet) as it no longer contains any rules.


Upgrading nidrsExecutioner2 (MSU.NamedItemDisplayRuleSet)
nidrsExecutioner2 (MSU.NamedItemDisplayRuleSet) Upgraded succesfully.
Destroying nidrsExecutioner2 (MSU.NamedItemDisplayRuleSet) as it no longer contains any rules.


Upgrading nidrsLamp (MSU.NamedItemDisplayRuleSet)
nidrsLamp (MSU.NamedItemDisplayRuleSet) Upgraded succesfully.
Destroying nidrsLamp (MSU.NamedItemDisplayRuleSet) as it no longer contains any rules.


Upgrading nidrsLampBoss (MSU.NamedItemDisplayRuleSet)
nidrsLampBoss (MSU.NamedItemDisplayRuleSet) Upgraded succesfully.
Destroying nidrsLampBoss (MSU.NamedItemDisplayRuleSet) as it no longer contains any rules.


Upgrading nidrsRunshroom (MSU.NamedItemDisplayRuleSet)
nidrsRunshroom (MSU.NamedItemDisplayRuleSet) Upgraded succesfully.
Destroying nidrsRunshroom (MSU.NamedItemDisplayRuleSet) as it no longer contains any rules.


Upgrading namedidrsNemCommando (MSU.NamedItemDisplayRuleSet)
namedidrsNemCommando (MSU.NamedItemDisplayRuleSet) Upgraded succesfully.
Destroying namedidrsNemCommando (MSU.NamedItemDisplayRuleSet) as it no longer contains any rules.


Upgrading nidrsNemMercenary (MSU.NamedItemDisplayRuleSet)
WARN: No match for key asset with name ITEM_ANCIENT_SCEPTER found. It was probably retrieved at runtime from the IDRS catalog. Not adding entry.
nidrsNemMercenary (MSU.NamedItemDisplayRuleSet) Upgraded succesfully.


Upgrading nidrsClayMonger (MSU.NamedItemDisplayRuleSet)
nidrsClayMonger (MSU.NamedItemDisplayRuleSet) Upgraded succesfully.
Destroying nidrsClayMonger (MSU.NamedItemDisplayRuleSet) as it no longer contains any rules.


Upgrading nidrsKnight (MSU.NamedItemDisplayRuleSet)
nidrsKnight (MSU.NamedItemDisplayRuleSet) Upgraded succesfully.
Destroying nidrsKnight (MSU.NamedItemDisplayRuleSet) as it no longer contains any rules.

